Build started 26/01/2016 14:26:13.
     1>Project "U:\GitHub\AnimationAndSimulationProgramming2015-2016\MysteryBalls\MysteryBalls\MysteryBalls.vcxproj" on node 2 (Build target(s)).
     1>ClCompile:
         C:\Program Files (x86)\Microsoft Visual Studio 12.0\VC\bin\CL.exe /c /I"U:\GitHub\AnimationAndSimulationProgramming2015-2016\MysteryBalls\external/include" /ZI /nologo /W3 /WX- /Od /Oy- /D WIN32 /D _DEBUG /D _CONSOLE /D _LIB /D _UNICODE /D UNICODE /EHsc /RTC1 /MTd /GS /fp:precise /Zc:wchar_t /Zc:forScope /Fo"build\Debug\\" /Fd"build\Debug\vc120.pdb" /Gd /TP /analyze- /errorReport:prompt SlaveBall.cpp
         SlaveBall.cpp
       Link:
         C:\Program Files (x86)\Microsoft Visual Studio 12.0\VC\bin\link.exe /ERRORREPORT:PROMPT /OUT:"build\Debug\MysteryBalls.exe" /INCREMENTAL /NOLOGO /LIBPATH:"U:\GitHub\AnimationAndSimulationProgramming2015-2016\MysteryBalls\external\lib\Win32\v120\Debug" tyga.lib "tsl-vc120-mt-sg.lib" "tcf-vc120-mt-sg.lib" glfw.lib tygra.lib tgl.lib png.lib zlib.lib opengl32.lib kernel32.lib user32.lib gdi32.lib winspool.lib comdlg32.lib advapi32.lib shell32.lib ole32.lib oleaut32.lib uuid.lib odbc32.lib odbccp32.lib /MANIFEST /MANIFESTUAC:"level='asInvoker' uiAccess='false'" /manifest:embed /DEBUG /PDB:"build\Debug\MysteryBalls.pdb" /SUBSYSTEM:CONSOLE /TLBID:1 /DYNAMICBASE /NXCOMPAT /IMPLIB:"build\Debug\MysteryBalls.lib" /MACHINE:X86 build\Debug\DominantBall.obj
         build\Debug\main.obj
         build\Debug\MyDemo.obj
         build\Debug\MyUtils.obj
         build\Debug\SlaveBall.obj
         MysteryBalls.vcxproj -> U:\GitHub\AnimationAndSimulationProgramming2015-2016\MysteryBalls\MysteryBalls\build\Debug\MysteryBalls.exe
       PostBuildEvent:
         xcopy /E /S /I /Y "doc" "U:\GitHub\AnimationAndSimulationProgramming2015-2016\MysteryBalls\demo"
         xcopy /E /S /I /Y "demo" "U:\GitHub\AnimationAndSimulationProgramming2015-2016\MysteryBalls\demo"
         xcopy /Y "U:\GitHub\AnimationAndSimulationProgramming2015-2016\MysteryBalls\MysteryBalls\build\Debug\MysteryBalls.exe" "U:\GitHub\AnimationAndSimulationProgramming2015-2016\MysteryBalls\demo"
         :VCEnd
         File not found - doc
         0 File(s) copied
         File not found - demo
         0 File(s) copied
         U:\GitHub\AnimationAndSimulationProgramming2015-2016\MysteryBalls\MysteryBalls\build\Debug\MysteryBalls.exe
         1 File(s) copied
     1>Done Building Project "U:\GitHub\AnimationAndSimulationProgramming2015-2016\MysteryBalls\MysteryBalls\MysteryBalls.vcxproj" (Build target(s)).

Build succeeded.

Time Elapsed 00:00:12.50
