d:\documents\github\animationandsimulationprogramming2015-2016\blokeridesbadger\blokeridesbadger\build\debug\vc120.pdb
d:\documents\github\animationandsimulationprogramming2015-2016\blokeridesbadger\blokeridesbadger\build\debug\vc120.idb
d:\documents\github\animationandsimulationprogramming2015-2016\blokeridesbadger\blokeridesbadger\build\debug\main.obj
d:\documents\github\animationandsimulationprogramming2015-2016\blokeridesbadger\blokeridesbadger\build\debug\node.obj
d:\documents\github\animationandsimulationprogramming2015-2016\blokeridesbadger\blokeridesbadger\build\debug\myutils.obj
d:\documents\github\animationandsimulationprogramming2015-2016\blokeridesbadger\blokeridesbadger\build\debug\mydemo.obj
d:\documents\github\animationandsimulationprogramming2015-2016\blokeridesbadger\blokeridesbadger\build\debug\camera.obj
d:\documents\github\animationandsimulationprogramming2015-2016\blokeridesbadger\blokeridesbadger\build\debug\bloke.obj
d:\documents\github\animationandsimulationprogramming2015-2016\blokeridesbadger\blokeridesbadger\build\debug\beziercurve.obj
d:\documents\github\animationandsimulationprogramming2015-2016\blokeridesbadger\blokeridesbadger\build\debug\badgerrails.obj
d:\documents\github\animationandsimulationprogramming2015-2016\blokeridesbadger\blokeridesbadger\build\debug\badger.obj
d:\documents\github\animationandsimulationprogramming2015-2016\blokeridesbadger\blokeridesbadger\build\debug\blokeridesbadger.ilk
d:\documents\github\animationandsimulationprogramming2015-2016\blokeridesbadger\blokeridesbadger\build\debug\blokeridesbadger.exe
d:\documents\github\animationandsimulationprogramming2015-2016\blokeridesbadger\blokeridesbadger\build\debug\blokeridesbadger.pdb
d:\documents\github\animationandsimulationprogramming2015-2016\blokeridesbadger\blokeridesbadger\build\debug\blokeridesbadger.tlog\cl.command.1.tlog
d:\documents\github\animationandsimulationprogramming2015-2016\blokeridesbadger\blokeridesbadger\build\debug\blokeridesbadger.tlog\cl.read.1.tlog
d:\documents\github\animationandsimulationprogramming2015-2016\blokeridesbadger\blokeridesbadger\build\debug\blokeridesbadger.tlog\cl.write.1.tlog
d:\documents\github\animationandsimulationprogramming2015-2016\blokeridesbadger\blokeridesbadger\build\debug\blokeridesbadger.tlog\link.command.1.tlog
d:\documents\github\animationandsimulationprogramming2015-2016\blokeridesbadger\blokeridesbadger\build\debug\blokeridesbadger.tlog\link.read.1.tlog
d:\documents\github\animationandsimulationprogramming2015-2016\blokeridesbadger\blokeridesbadger\build\debug\blokeridesbadger.tlog\link.write.1.tlog
